app/build/outputs/logs/manifest-merger-debug-report.txt
-- Merging decision tree log ---
manifest
ADDED from src/main/AndroidManifest.xml:2:1-48:12
	package
		ADDED from src/main/AndroidManifest.xml:3:5-40
		INJECTED from src/main/AndroidManifest.xml
		INJECTED from src/main/AndroidManifest.xml
	android:versionName
		INJECTED from src/main/AndroidManifest.xml
		INJECTED from src/main/AndroidManifest.xml
	xmlns:android
		ADDED from src/main/AndroidManifest.xml:2:11-69
	android:versionCode
		INJECTED from src/main/AndroidManifest.xml
		INJECTED from src/main/AndroidManifest.xml
uses-permission#android.permission.INTERNET
ADDED from src/main/AndroidManifest.xml:5:5-67
	android:name
		ADDED from src/main/AndroidManifest.xml:5:22-64
uses-permission#android.permission.ACCESS_NETWORK_STATE
ADDED from src/main/AndroidManifest.xml:6:5-79
	android:name
		ADDED from src/main/AndroidManifest.xml:6:22-76
uses-permission#android.permission.ACCESS_FINE_LOCATION
ADDED from src/main/AndroidManifest.xml:7:5-79
	android:name
		ADDED from src/main/AndroidManifest.xml:7:22-76
uses-permission#android.permission.CALL_PHONE
ADDED from src/main/AndroidManifest.xml:8:5-68
	android:name
		ADDED from src/main/AndroidManifest.xml:8:22-66
application
ADDED from src/main/AndroidManifest.xml:10:5-46:19
MERGED from [com.android.support:appcompat-v7:22.2.0] AndroidManifest.xml:22:5-20
MERGED from [com.android.support:support-v4:22.2.0] AndroidManifest.xml:22:5-20
MERGED from [com.android.support:design:22.2.0] AndroidManifest.xml:22:5-20
MERGED from [com.android.support:appcompat-v7:22.2.0] AndroidManifest.xml:22:5-20
MERGED from [com.android.support:support-v4:22.2.0] AndroidManifest.xml:22:5-20
MERGED from [com.android.support:support-v4:22.2.0] AndroidManifest.xml:22:5-20
	android:label
		ADDED from src/main/AndroidManifest.xml:13:9-41
	android:windowSoftInputMode
		ADDED from src/main/AndroidManifest.xml:15:9-48
	android:allowBackup
		ADDED from src/main/AndroidManifest.xml:11:9-35
	android:icon
		ADDED from src/main/AndroidManifest.xml:12:9-43
	android:theme
		ADDED from src/main/AndroidManifest.xml:14:9-45
activity#com.shadow.shieldsecurity.LoginActivity
ADDED from src/main/AndroidManifest.xml:16:9-24:20
	android:label
		ADDED from src/main/AndroidManifest.xml:18:13-45
	android:name
		ADDED from src/main/AndroidManifest.xml:17:13-42
intent-filter#android.intent.action.MAIN+android.intent.category.LAUNCHER
ADDED from src/main/AndroidManifest.xml:19:13-23:29
action#android.intent.action.MAIN
ADDED from src/main/AndroidManifest.xml:20:17-69
	android:name
		ADDED from src/main/AndroidManifest.xml:20:25-66
category#android.intent.category.LAUNCHER
ADDED from src/main/AndroidManifest.xml:22:17-77
	android:name
		ADDED from src/main/AndroidManifest.xml:22:27-74
activity#com.shadow.shieldsecurity.MainActivity
ADDED from src/main/AndroidManifest.xml:25:9-29:55
	android:windowSoftInputMode
		ADDED from src/main/AndroidManifest.xml:29:13-52
	android:configChanges
		ADDED from src/main/AndroidManifest.xml:27:13-59
	android:theme
		ADDED from src/main/AndroidManifest.xml:28:13-49
	android:name
		ADDED from src/main/AndroidManifest.xml:26:13-41
activity#com.shadow.shieldsecurity.SignupActivity
ADDED from src/main/AndroidManifest.xml:30:9-34:55
	android:windowSoftInputMode
		ADDED from src/main/AndroidManifest.xml:34:13-52
	android:configChanges
		ADDED from src/main/AndroidManifest.xml:32:13-59
	android:theme
		ADDED from src/main/AndroidManifest.xml:33:13-49
	android:name
		ADDED from src/main/AndroidManifest.xml:31:13-43
activity#com.shadow.shieldsecurity.NewPost
ADDED from src/main/AndroidManifest.xml:35:9-39:55
	android:windowSoftInputMode
		ADDED from src/main/AndroidManifest.xml:39:13-52
	android:configChanges
		ADDED from src/main/AndroidManifest.xml:37:13-59
	android:theme
		ADDED from src/main/AndroidManifest.xml:38:13-49
	android:name
		ADDED from src/main/AndroidManifest.xml:36:13-36
activity#com.shadow.shieldsecurity.UserSearch
ADDED from src/main/AndroidManifest.xml:40:9-43:15
	android:windowSoftInputMode
		ADDED from src/main/AndroidManifest.xml:42:13-52
	android:configChanges
		ADDED from src/main/AndroidManifest.xml:41:13-59
	android:name
		ADDED from src/main/AndroidManifest.xml:40:19-45
activity#com.shadow.shieldsecurity.MorePage
ADDED from src/main/AndroidManifest.xml:45:9-55
	android:name
		ADDED from src/main/AndroidManifest.xml:45:19-43
uses-sdk
INJECTED from src/main/AndroidManifest.xml reason: use-sdk injection requested
MERGED from [com.android.support:appcompat-v7:22.2.0] AndroidManifest.xml:20:5-43
MERGED from [com.android.support:support-v4:22.2.0] AndroidManifest.xml:20:5-43
MERGED from [com.android.support:design:22.2.0] AndroidManifest.xml:20:5-43
MERGED from [com.android.support:appcompat-v7:22.2.0] AndroidManifest.xml:20:5-43
MERGED from [com.android.support:support-v4:22.2.0] AndroidManifest.xml:20:5-43
MERGED from [com.android.support:support-v4:22.2.0] AndroidManifest.xml:20:5-43
	android:targetSdkVersion
		INJECTED from src/main/AndroidManifest.xml
		INJECTED from src/main/AndroidManifest.xml
	android:minSdkVersion
		INJECTED from src/main/AndroidManifest.xml
		INJECTED from src/main/AndroidManifest.xml